0 info it worked if it ends with ok
1 verbose cli [ 'C:\\Program Files\\nodejs\\node.exe',
1 verbose cli   'C:\\Users\\jessic\\AppData\\Roaming\\npm\\node_modules\\npm\\bin\\npm-cli.js',
1 verbose cli   'run',
1 verbose cli   'test' ]
2 info using npm@3.0.0
3 info using node@v6.5.0
4 verbose run-script [ 'pretest', 'test', 'posttest' ]
5 info pretest webfront-auto-template@1.0.0
6 info test webfront-auto-template@1.0.0
7 verbose unsafe-perm in lifecycle true
8 info webfront-auto-template@1.0.0 Failed to exec test script
9 verbose stack Error: webfront-auto-template@1.0.0 test: `webpack-dev-server --host 0.0.0.0 --port 8094 --inline`
9 verbose stack Exit status 1
9 verbose stack     at EventEmitter.<anonymous> (C:\Users\jessic\AppData\Roaming\npm\node_modules\npm\lib\utils\lifecycle.js:222:16)
9 verbose stack     at emitTwo (events.js:106:13)
9 verbose stack     at EventEmitter.emit (events.js:191:7)
9 verbose stack     at ChildProcess.<anonymous> (C:\Users\jessic\AppData\Roaming\npm\node_modules\npm\lib\utils\spawn.js:24:14)
9 verbose stack     at emitTwo (events.js:106:13)
9 verbose stack     at ChildProcess.emit (events.js:191:7)
9 verbose stack     at maybeClose (internal/child_process.js:877:16)
9 verbose stack     at Process.ChildProcess._handle.onexit (internal/child_process.js:226:5)
10 verbose pkgid webfront-auto-template@1.0.0
11 verbose cwd D:\xampp\htdocs\crm\branches\20170424\reportForms
12 error Windows_NT 6.1.7601
13 error argv "C:\\Program Files\\nodejs\\node.exe" "C:\\Users\\jessic\\AppData\\Roaming\\npm\\node_modules\\npm\\bin\\npm-cli.js" "run" "test"
14 error node v6.5.0
15 error npm  v3.0.0
16 error code ELIFECYCLE
17 error webfront-auto-template@1.0.0 test: `webpack-dev-server --host 0.0.0.0 --port 8094 --inline`
17 error Exit status 1
18 error Failed at the webfront-auto-template@1.0.0 test script 'webpack-dev-server --host 0.0.0.0 --port 8094 --inline'.
18 error This is most likely a problem with the webfront-auto-template package,
18 error not with npm itself.
18 error Tell the author that this fails on your system:
18 error     webpack-dev-server --host 0.0.0.0 --port 8094 --inline
18 error You can get their info via:
18 error     npm owner ls webfront-auto-template
18 error There is likely additional logging output above.
19 verbose exit [ 1, true ]
